"../../../Engine/Content/ArtTools/RenderToTexture/Enums/RenderToTexture_Enum.uasset" 0
"../../../Engine/Content/ArtTools/RenderToTexture/Enums/RenderToTexture_Flipbook_Enum.uasset" 1
"../../../Engine/Content/ArtTools/RenderToTexture/Enums/RenderToTexture_Imposter_Enum.uasset" 2
"../../../Engine/Content/EditorBlueprintResources/StandardMacros.uasset" 3
"../../../Engine/Content/ArtTools/RenderToTexture/Enums/EIntTypes.uasset" 4
"../../../Engine/Content/ArtTools/RenderToTexture/Macros/RenderToTextureFunctionLibrary.uasset" 5
"../../../Engine/Content/ArtTools/RenderToTexture/Enums/EFloatTypes.uasset" 6
"../../../Engine/Content/ArtTools/RenderToTexture/Macros/RenderToTextureMacros.uasset" 7
"../../../Engine/Content/Functions/Engine_MaterialFunctions01/Opacity/CameraDepthFade.uasset" 8
"../../../Engine/Content/EngineMaterials/T_Default_Material_Grid_M.uasset" 9
"../../../Engine/Content/EngineMaterials/T_Default_Material_Grid_N.uasset" 10
"../../../Engine/Content/EngineMaterials/WorldGridMaterial.uasset" 11
"../../../Engine/Content/ArtTools/RenderToTexture/Meshes/S_1_Unit_Plane.uasset" 12
"../../../Engine/Content/BasicShapes/BasicShapeMaterial.uasset" 13
"../../../Engine/Content/EngineMaterials/DefaultMaterial.uasset" 14
"../../../Engine/Content/BasicShapes/Cone.uasset" 15
"../../../Engine/Content/BasicShapes/Cylinder.uasset" 16
"../../../Engine/Content/BasicShapes/Plane.uasset" 17
"../../../Engine/Content/EngineMaterials/DefaultPhysicalMaterial.uasset" 18
"../../../Engine/Content/BufferVisualization/AmbientOcclusion.uasset" 19
"../../../Engine/Content/BufferVisualization/BaseColor.uasset" 20
"../../../Engine/Content/BufferVisualization/CustomDepth.uasset" 21
"../../../Engine/Content/Functions/Engine_MaterialFunctions02/Utility/VectorLength.uasset" 22
"../../../Engine/Content/BufferVisualization/CustomDepthWorldUnits.uasset" 23
"../../../Engine/Content/Functions/Engine_MaterialFunctions02/Utility/BreakOutFloat2Components.uasset" 24
"../../../Engine/Content/Functions/Engine_MaterialFunctions01/Texturing/ScaleUVsByCenter.uasset" 25
"../../../Engine/Content/Functions/Engine_MaterialFunctions02/ScreenResolution.uasset" 26
"../../../Engine/Content/Functions/Engine_MaterialFunctions02/Texturing/ScreenAlignedUVs.uasset" 27
"../../../Engine/Content/Functions/Engine_MaterialFunctions02/Utility/MakeFloat2.uasset" 28
"../../../Engine/Content/Functions/Engine_MaterialFunctions02/Utility/MakeFloat3.uasset" 29
"../../../Engine/Content/EngineMaterials/MiniFont.uasset" 30
"../../../Engine/Content/BufferVisualization/CustomStencil.uasset" 31
"../../../Engine/Content/BufferVisualization/FinalImage.uasset" 32
"../../../Engine/Content/BufferVisualization/LightingModel.uasset" 33
"../../../Engine/Content/BufferVisualization/MaterialAO.uasset" 34
"../../../Engine/Content/BufferVisualization/Metallic.uasset" 35
"../../../Engine/Content/BufferVisualization/Opacity.uasset" 36
"../../../Engine/Content/BufferVisualization/PostTonemapHDRColor.uasset" 37
"../../../Engine/Content/BufferVisualization/PreTonemapHDRColor.uasset" 38
"../../../Engine/Content/BufferVisualization/Roughness.uasset" 39
"../../../Engine/Content/BufferVisualization/SceneColor.uasset" 40
"../../../Engine/Content/BufferVisualization/SceneDepth.uasset" 41
"../../../Engine/Content/BufferVisualization/SceneDepthWorldUnits.uasset" 42
"../../../Engine/Content/BufferVisualization/SeparateTranslucencyA.uasset" 43
"../../../Engine/Content/BufferVisualization/SeparateTranslucencyRGB.uasset" 44
"../../../Engine/Content/BufferVisualization/Specular.uasset" 45
"../../../Engine/Content/BufferVisualization/SubsurfaceColor.uasset" 46
"../../../Engine/Content/BufferVisualization/WorldNormal.uasset" 47
"../../../Engine/Content/EditorBlueprintResources/ActorMacros.uasset" 48
"../../../Engine/Content/EditorLandscapeResources/DataLayer.uasset" 49
"../../../Engine/Content/EditorLandscapeResources/DefaultAlphaTexture.uasset" 50
"../../../Engine/Content/EditorLandscapeResources/LandscapeGizmoHeight_Mat.uasset" 51
"../../../Engine/Content/EditorLandscapeResources/LandscapeGizmo_Mat.uasset" 52
"../../../Engine/Content/EditorLandscapeResources/LandscapeGizmo_Mat_Copied.uasset" 53
"../../../Engine/Content/EditorLandscapeResources/SplineEditorMeshMat.uasset" 54
"../../../Engine/Content/EditorLandscapeResources/SplineEditorMesh.uasset" 55
"../../../Engine/Content/EditorMaterials/Cross.uasset" 56
"../../../Engine/Content/EditorMaterials/Cross_Mat.uasset" 57
"../../../Engine/Content/EditorMaterials/GizmoMaterial.uasset" 58
"../../../Engine/Content/Functions/Engine_MaterialFunctions02/Utility/Sign.uasset" 59
"../../../Engine/Content/Functions/Engine_MaterialFunctions02/Utility/Round.uasset" 60
"../../../Engine/Content/Functions/Engine_MaterialFunctions02/ExampleContent/Textures/flipbook.uasset" 61
"../../../Engine/Content/Functions/Engine_MaterialFunctions02/Texturing/FlipBook.uasset" 62
"../../../Engine/Content/EditorResources/T_EditorHelp.uasset" 63
"../../../Engine/Content/EditorMaterials/HelpActorMaterial.uasset" 64
"../../../Engine/Content/EditorMaterials/CompositeARGBLayer.uasset" 65
"../../../Engine/Content/EditorMaterials/TilingAALineIntegral.uasset" 66
"../../../Engine/Content/EditorMaterials/TilingAALineBoxFiltered.uasset" 67
"../../../Engine/Content/Functions/Engine_MaterialFunctions03/Procedurals/ComputeFilterWidth.uasset" 68
"../../../Engine/Content/EditorMaterials/TilingAADots.uasset" 69
"../../../Engine/Content/EditorMaterials/Cascade/CASC_Cross.uasset" 70
"../../../Engine/Content/EditorMaterials/Cascade/CASC_None.uasset" 71
"../../../Engine/Content/Functions/Engine_MaterialFunctions03/Blends/Blend_Screen.uasset" 72
"../../../Engine/Content/EditorMaterials/TilingAAGrid.uasset" 73
"../../../Engine/Content/EditorMaterials/LevelGridMaterial.uasset" 74
"../../../Engine/Content/EditorMaterials/MakeCompositeARGBLayer.uasset" 75
"../../../Engine/Content/EditorResources/LevelGrid1DStripes.uasset" 76
"../../../Engine/Content/EditorMaterials/TextureGridCascaded1D.uasset" 77
"../../../Engine/Content/EditorMaterials/TextureGridCascaded2D.uasset" 78
"../../../Engine/Content/EditorMaterials/LevelGridMaterial2.uasset" 79
"../../../Engine/Content/EditorMaterials/MAT_Groups_Toggle.uasset" 80
"../../../Engine/Content/EditorMaterials/MAT_Groups_Visibility.uasset" 81
"../../../Engine/Content/EditorMaterials/AntialiasedGridFloor.uasset" 82
"../../../Engine/Content/EditorResources/TilePatine_D.uasset" 83
"../../../Engine/Content/EditorResources/TilePatine_N.uasset" 84
"../../../Engine/Content/EngineMaterials/Grid.uasset" 85
"../../../Engine/Content/EditorMaterials/PersonaFloorMat.uasset" 86
"../../../Engine/Content/EditorMaterials/PhAT_BoneSelectedMaterial.uasset" 87
"../../../Engine/Content/EditorMaterials/PhAT_ElemSelectedMaterial.uasset" 88
"../../../Engine/Content/EditorMaterials/PhAT_NoCollisionMaterial.uasset" 89
"../../../Engine/Content/EditorMaterials/PhAT_UnselectedMaterial.uasset" 90
"../../../Engine/Content/EditorMaterials/PreviewShadowIndicator.uasset" 91
"../../../Engine/Content/EditorMaterials/PreviewShadowIndicatorMaterial.uasset" 92
"../../../Engine/Content/EditorMaterials/TargetIcon.uasset" 93
"../../../Engine/Content/EditorMaterials/Tick.uasset" 94
"../../../Engine/Content/EditorMaterials/Tick_Mat.uasset" 95
"../../../Engine/Content/EditorMaterials/WidgetGridVertexColorMaterial.uasset" 96
"../../../Engine/Content/EditorMaterials/WidgetGridVertexColorMaterial_Ma.uasset" 97
"../../../Engine/Content/EditorMaterials/WidgetMaterial.uasset" 98
"../../../Engine/Content/EditorMaterials/WidgetMaterial_Current.uasset" 99
"../../../Engine/Content/EditorMaterials/WidgetMaterial_X.uasset" 100
"../../../Engine/Content/EditorMaterials/WidgetMaterial_Y.uasset" 101
"../../../Engine/Content/EditorMaterials/WidgetMaterial_Z.uasset" 102
"../../../Engine/Content/EditorMaterials/WidgetVertexColorMaterial.uasset" 103
"../../../Engine/Content/EditorMaterials/AssetViewer/EpicQuadPanorama_CC+EV1.uasset" 104
"../../../Engine/Content/MapTemplates/Sky/SunsetAmbientCubemap.uasset" 105
"../../../Engine/Content/EditorMaterials/AssetViewer/M_SkyBox.uasset" 106
"../../../Engine/Content/EditorMaterials/MatineeGroups/MAT_ColorTrack.uasset" 107
"../../../Engine/Content/EditorMaterials/MatineeGroups/MAT_Groups_Anim.uasset" 108
"../../../Engine/Content/EditorMaterials/MatineeGroups/MAT_Groups_AudioMaster.uasset" 109
"../../../Engine/Content/EditorMaterials/MatineeGroups/MAT_Groups_Director.uasset" 110
"../../../Engine/Content/EditorMaterials/MatineeGroups/MAT_Groups_Event.uasset" 111
"../../../Engine/Content/EditorMaterials/MatineeGroups/MAT_Groups_Fade.uasset" 112
"../../../Engine/Content/EditorMaterials/MatineeGroups/MAT_Groups_Float.uasset" 113
"../../../Engine/Content/EditorMaterials/MatineeGroups/MAT_Groups_Move.uasset" 114
"../../../Engine/Content/EditorMaterials/MatineeGroups/MAT_Groups_Slomo.uasset" 115
"../../../Engine/Content/EditorMaterials/MatineeGroups/MAT_Groups_Sound.uasset" 116
"../../../Engine/Content/EditorMaterials/MatineeGroups/MAT_Groups_Vector.uasset" 117
"../../../Engine/Content/EditorMaterials/ParticleSystems/PSysThumbnail_NoImage.uasset" 118
"../../../Engine/Content/EditorMaterials/ParticleSystems/PSysThumbnail_OOD.uasset" 119
"../../../Engine/Content/EditorMaterials/Thumbnails/FloorPlaneMaterial.uasset" 120
"../../../Engine/Content/EditorMeshes/EditorCube.uasset" 121
"../../../Engine/Content/EditorMeshes/EditorCylinder.uasset" 122
"../../../Engine/Content/EditorMeshes/EditorPlane.uasset" 123
"../../../Engine/Content/EditorMaterials/Thumbnails/SkySphereMaterial.uasset" 124
"../../../Engine/Content/EditorMeshes/EditorSkySphere.uasset" 125
"../../../Engine/Content/EditorMeshes/EditorSphere.uasset" 126
"../../../Engine/Content/EditorResources/MatineeCam_D.uasset" 127
"../../../Engine/Content/EditorMaterials/MatineeCam_mat.uasset" 128
"../../../Engine/Content/EditorMeshes/MatineeCam_SM.uasset" 129
"../../../Engine/Content/Functions/Engine_MaterialFunctions01/Shading/ConvertFromDiffSpec.uasset" 130
"../../../Engine/Content/EditorMaterials/GridMaterial.uasset" 131
"../../../Engine/Content/EditorMeshes/PhAT_FloorBox.uasset" 132
"../../../Engine/Content/EditorMeshes/AssetViewer/Floor_Mesh.uasset" 133
"../../../Engine/Content/EditorMeshes/AssetViewer/Sphere_inversenormals.uasset" 134
"../../../Engine/Content/EditorMaterials/Camera/CineMat.uasset" 135
"../../../Engine/Content/EditorMaterials/Camera/MI_CineMat_CameraBody.uasset" 136
"../../../Engine/Content/EngineDebugMaterials/M_SimpleOpaque.uasset" 137
"../../../Engine/Content/EditorMaterials/Camera/MI_CineMat_CamViewFinder.uasset" 138
"../../../Engine/Content/EditorMeshes/Camera/SM_CineCam.uasset" 139
"../../../Engine/Content/EditorMaterials/Camera/MI_CineMat_Rig.uasset" 140
"../../../Engine/Content/EditorMeshes/Camera/SM_CraneRig_Arm.uasset" 141
"../../../Engine/Content/EditorMeshes/Camera/SM_CraneRig_Base.uasset" 142
"../../../Engine/Content/EditorMeshes/Camera/SM_CraneRig_Body.uasset" 143
"../../../Engine/Content/EditorMeshes/Camera/SM_CraneRig_Mount.uasset" 144
"../../../Engine/Content/EditorMeshes/Camera/SM_RailRig_Mount.uasset" 145
"../../../Engine/Content/EditorMeshes/Camera/SM_RailRig_Track.uasset" 146
"../../../Engine/Content/EditorMeshes/ColorCalibrator/M_ChromeBall.uasset" 147
"../../../Engine/Content/EditorMeshes/ColorCalibrator/M_ClearCoat.uasset" 148
"../../../Engine/Content/EditorMeshes/ColorCalibrator/M_ClearCoatBlack.uasset" 149
"../../../Engine/Content/EditorMeshes/ColorCalibrator/Color_checker.uasset" 150
"../../../Engine/Content/EditorMeshes/ColorCalibrator/M_ColorGrid.uasset" 151
"../../../Engine/Content/EditorMeshes/ColorCalibrator/M_GreyBall.uasset" 152
"../../../Engine/Content/EditorMeshes/ColorCalibrator/SM_ColorCalibrator.uasset" 153
"../../../Engine/Content/EditorResources/Bad.uasset" 154
"../../../Engine/Content/EditorResources/BadBlueprintSprite.uasset" 155
"../../../Engine/Content/EditorResources/BSPVertex.uasset" 156
"../../../Engine/Content/EditorResources/EmptyActor.uasset" 157
"../../../Engine/Content/EditorResources/MatInstActSprite.uasset" 158
"../../../Engine/Content/EditorResources/SceneManager.uasset" 159
"../../../Engine/Content/EditorResources/SimplygonLogo.uasset" 160
"../../../Engine/Content/EditorResources/SmallFont.uasset" 161
"../../../Engine/Content/EditorResources/S_Actor.uasset" 162
"../../../Engine/Content/EditorResources/S_DecalActorIcon.uasset" 163
"../../../Engine/Content/EditorResources/S_Emitter.uasset" 164
"../../../Engine/Content/EditorResources/S_ExpoHeightFog.uasset" 165
"../../../Engine/Content/EditorResources/S_FTest.uasset" 166
"../../../Engine/Content/EditorResources/S_KBSJoint.uasset" 167
"../../../Engine/Content/EditorResources/S_KHinge.uasset" 168
"../../../Engine/Content/EditorResources/S_KPrismatic.uasset" 169
"../../../Engine/Content/EditorResources/S_LevelSequence.uasset" 170
"../../../Engine/Content/EditorResources/S_NavP.uasset" 171
"../../../Engine/Content/EditorResources/S_Note.uasset" 172
"../../../Engine/Content/EditorResources/S_Player.uasset" 173
"../../../Engine/Content/EditorResources/S_PortalActorIcon2.uasset" 174
"../../../Engine/Content/EditorResources/S_RadForce.uasset" 175
"../../../Engine/Content/EditorResources/S_ReflActorIcon.uasset" 176
"../../../Engine/Content/EditorResources/S_Terrain.uasset" 177
"../../../Engine/Content/EditorResources/S_TextRenderActorIcon.uasset" 178
"../../../Engine/Content/EditorResources/S_Thruster.uasset" 179
"../../../Engine/Content/EditorResources/S_Trigger.uasset" 180
"../../../Engine/Content/EditorResources/S_VectorFieldVol.uasset" 181
"../../../Engine/Content/EditorResources/S_WindDirectional.uasset" 182
"../../../Engine/Content/EditorResources/AI/S_NavLink.uasset" 183
"../../../Engine/Content/EditorResources/LightIcons/SkyLight.uasset" 184
"../../../Engine/Content/EditorResources/LightIcons/S_LightDirectional.uasset" 185
"../../../Engine/Content/EditorResources/LightIcons/S_LightDirectionalMove.uasset" 186
"../../../Engine/Content/EditorResources/LightIcons/S_LightError.uasset" 187
"../../../Engine/Content/EditorResources/LightIcons/S_LightPoint.uasset" 188
"../../../Engine/Content/EditorResources/LightIcons/S_LightPointMove.uasset" 189
"../../../Engine/Content/EditorResources/LightIcons/S_LightSpot.uasset" 190
"../../../Engine/Content/EditorResources/LightIcons/S_LightSpotMove.uasset" 191
"../../../Engine/Content/EditorResources/SequenceRecorder/Countdown.uasset" 192
"../../../Engine/Content/EditorResources/SequenceRecorder/RecordingIndicator.uasset" 193
"../../../Engine/Content/EditorResources/Spline/T_Loft_Spline.uasset" 194
"../../../Engine/Content/EditorSounds/Notifications/CompileFailed.uasset" 195
"../../../Engine/Content/EditorSounds/Notifications/CompileFailed_Cue.uasset" 196
"../../../Engine/Content/EditorSounds/Notifications/CompileSuccess.uasset" 197
"../../../Engine/Content/EditorSounds/Notifications/CompileStart_Cue.uasset" 198
"../../../Engine/Content/EditorSounds/Notifications/CompileSuccess_Cue.uasset" 199
"../../../Engine/Content/EngineDamageTypes/DmgTypeBP_Environmental.uasset" 200
"../../../Engine/Content/EngineDebugMaterials/HeatmapGradient.uasset" 201
"../../../Engine/Content/EngineDebugMaterials/BoneWeightMaterial.uasset" 202
"../../../Engine/Content/EngineDebugMaterials/ClothMaterial.uasset" 203
"../../../Engine/Content/EngineDebugMaterials/ClothMaterial_WF.uasset" 204
"../../../Engine/Content/EngineDebugMaterials/DebugEditorMaterial.uasset" 205
"../../../Engine/Content/EngineDebugMaterials/DebugMeshMaterial.uasset" 206
"../../../Engine/Content/EngineDebugMaterials/GeomMaterial.uasset" 207
"../../../Engine/Content/EngineDebugMaterials/LevelColorationLitMaterial.uasset" 208
"../../../Engine/Content/EngineDebugMaterials/LevelColorationUnlitMaterial.uasset" 209
"../../../Engine/Content/EngineMaterials/DefaultWhiteGrid.uasset" 210
"../../../Engine/Content/EngineDebugMaterials/MAT_LevelColorationLitLightmapUV.uasset" 211
"../../../Engine/Content/EngineDebugMaterials/M_SimpleTranslucent.uasset" 212
"../../../Engine/Content/EngineDebugMaterials/ShadedLevelColorationLitMaterial.uasset" 213
"../../../Engine/Content/EngineDebugMaterials/ShadedLevelColorationUnlitMateri.uasset" 214
"../../../Engine/Content/EngineDebugMaterials/VertexColorMaterial.uasset" 215
"../../../Engine/Content/EngineDebugMaterials/VertexColorViewMode_AlphaAsColor.uasset" 216
"../../../Engine/Content/EngineDebugMaterials/VertexColorViewMode_BlueOnly.uasset" 217
"../../../Engine/Content/EngineDebugMaterials/VertexColorViewMode_ColorOnly.uasset" 218
"../../../Engine/Content/EngineDebugMaterials/VertexColorViewMode_GreenOnly.uasset" 219
"../../../Engine/Content/EngineDebugMaterials/VertexColorViewMode_RedOnly.uasset" 220
"../../../Engine/Content/EngineDebugMaterials/WireframeMaterial.uasset" 221
"../../../Engine/Content/EngineFonts/Faces/RobotoBold.uasset" 222
"../../../Engine/Content/EngineFonts/Faces/RobotoBoldItalic.uasset" 223
"../../../Engine/Content/EngineFonts/Faces/RobotoItalic.uasset" 224
"../../../Engine/Content/EngineFonts/Faces/RobotoLight.uasset" 225
"../../../Engine/Content/EngineFonts/Faces/RobotoRegular.uasset" 226
"../../../Engine/Content/EngineFonts/Roboto.uasset" 227
"../../../Engine/Content/EngineFonts/Faces/RobotoTiny.uasset" 228
"../../../Engine/Content/EngineFonts/RobotoTiny.uasset" 229
"../../../Engine/Content/EngineFonts/SmallFont.uasset" 230
"../../../Engine/Content/EngineFonts/TinyFont.uasset" 231
"../../../Engine/Content/EngineResources/WhiteSquareTexture.uasset" 232
"../../../Engine/Content/EngineMaterials/BlinkingCaret.uasset" 233
"../../../Engine/Content/EngineMaterials/DefaultBloomKernel.uasset" 234
"../../../Engine/Content/EngineMaterials/DefaultBokeh.uasset" 235
"../../../Engine/Content/EngineMaterials/DefaultDiffuse.uasset" 236
"../../../Engine/Content/EngineMaterials/DefaultDeferredDecalMaterial.uasset" 237
"../../../Engine/Content/EngineMaterials/DefaultLightFunctionMaterial.uasset" 238
"../../../Engine/Content/EngineMaterials/DefaultNormal.uasset" 239
"../../../Engine/Content/EngineMaterials/DefaultPostProcessMaterial.uasset" 240
"../../../Engine/Content/EngineFonts/RobotoDistanceField.uasset" 241
"../../../Engine/Content/EngineMaterials/DefaultTextMaterialOpaque.uasset" 242
"../../../Engine/Content/EngineMaterials/EditorBrushMaterial.uasset" 243
"../../../Engine/Content/EngineMaterials/Good64x64TilingNoiseHighFreq.uasset" 244
"../../../Engine/Content/EngineMaterials/Grid_N.uasset" 245
"../../../Engine/Content/EngineMaterials/HighResolutionScreenshotMaskFunction.uasset" 246
"../../../Engine/Content/EngineMaterials/HighResScreenshot.uasset" 247
"../../../Engine/Content/EngineMaterials/HighResScreenshotCaptureRegion.uasset" 248
"../../../Engine/Content/EngineMaterials/HighResScreenshotMask.uasset" 249
"../../../Engine/Content/EngineMaterials/LandscapeHolePhysicalMaterial.uasset" 250
"../../../Engine/Content/EngineMaterials/InvalidLightmapSettings.uasset" 251
"../../../Engine/Content/EngineMaterials/M_InvalidLightmapSettings.uasset" 252
"../../../Engine/Content/EngineMaterials/PaperDiffuse.uasset" 253
"../../../Engine/Content/EngineMaterials/PaperNormal.uasset" 254
"../../../Engine/Content/Functions/Engine_MaterialFunctions02/WorldPositionOffset/CameraOffset.uasset" 255
"../../../Engine/Content/EngineMaterials/PhAT_JointLimitMaterial.uasset" 256
"../../../Engine/Content/EngineMaterials/PhysMat_Rubber.uasset" 257
"../../../Engine/Content/EngineMaterials/PreintegratedSkinBRDF.uasset" 258
"../../../Engine/Content/EngineMaterials/RemoveSurfaceMaterial.uasset" 259
"../../../Engine/Content/EngineMaterials/WeightMapPlaceholderTexture.uasset" 260
"../../../Engine/Content/EngineMaterials/Widget3DPassThrough.uasset" 261
"../../../Engine/Content/EngineMaterials/Widget3DPassThrough_Masked.uasset" 262
"../../../Engine/Content/EngineMaterials/Widget3DPassThrough_Opaque.uasset" 263
"../../../Engine/Content/EngineMaterials/Widget3DPassThrough_Masked_OneSided.uasset" 264
"../../../Engine/Content/EngineMaterials/Widget3DPassThrough_Opaque_OneSided.uasset" 265
"../../../Engine/Content/EngineMaterials/Widget3DPassThrough_Translucent.uasset" 266
"../../../Engine/Content/EngineMaterials/Widget3DPassThrough_Translucent_OneSided.uasset" 267
"../../../Engine/Content/EngineMeshes/Cube.uasset" 268
"../../../Engine/Content/EngineMeshes/Cylinder.uasset" 269
"../../../Engine/Content/EngineMeshes/Sphere.uasset" 270
"../../../Engine/Content/EngineResources/DefaultTexture.uasset" 271
"../../../Engine/Content/EngineResources/DefaultTextureCube.uasset" 272
"../../../Engine/Content/EngineResources/GradientTexture0.uasset" 273
"../../../Engine/Content/EngineResources/StreamingPauseIcon.uasset" 274
"../../../Engine/Content/EngineResources/M_StreamingPause.uasset" 275
"../../../Engine/Content/EngineSounds/Master.uasset" 276
"../../../Engine/Content/Functions/Engine_MaterialFunctions01/Shading/PowerToRoughness.uasset" 277
"../../../Engine/Content/Maps/Templates/Thumbnails/Default.uasset" 278
"../../../Engine/Content/Maps/Templates/Thumbnails/VR-Basic.uasset" 279
"../../../Engine/Content/MapTemplates/Sky/DaylightAmbientCubemap.uasset" 280
"../../../Engine/Content/MobileResources/T_MobileControls_texture.uasset" 281
"../../../Engine/Content/MobileResources/T_MobileMenu2.uasset" 282
"../../../Engine/Content/MobileResources/HUD/AnalogHat.uasset" 283
"../../../Engine/Content/MobileResources/HUD/VirtualJoystick_Background.uasset" 284
"../../../Engine/Content/MobileResources/HUD/VirtualJoystick_Thumb.uasset" 285
"../../../Engine/Content/MobileResources/HUD/DefaultVirtualJoysticks.uasset" 286
"../../../Engine/Content/MobileResources/HUD/LeftVirtualJoystickOnly.uasset" 287
"../../../Engine/Content/MobileResources/HUD/MobileHUDButton1_off.uasset" 288
"../../../Engine/Content/MobileResources/HUD/MobileHUDButton1_on.uasset" 289
"../../../Engine/Content/MobileResources/HUD/MobileHUDButton2_off.uasset" 290
"../../../Engine/Content/MobileResources/HUD/MobileHUDButton2_on.uasset" 291
"../../../Engine/Content/MobileResources/HUD/MobileHUDButton3.uasset" 292
"../../../Engine/Content/MobileResources/HUD/MobileHUDButtonFire.uasset" 293
"../../../Engine/Content/MobileResources/HUD/MobileHUDDirectionPad.uasset" 294
"../../../Engine/Content/MobileResources/HUD/MobileHUDDirectionPad2.uasset" 295
"../../../Engine/Content/MobileResources/HUD/MobileHUDDirectionPad3.uasset" 296
"../../../Engine/Content/MobileResources/HUD/MobileHUDDirectionStick.uasset" 297
"../../../Engine/Content/MobileResources/HUD/T_Castle_ThumbstickInner.uasset" 298
"../../../Engine/Content/MobileResources/HUD/T_Castle_ThumbstickOutter.uasset" 299
"../../../Engine/Content/Tutorial/ContentIntroCurve.uasset" 300
"../../../Engine/Content/Tutorial/Basics/TutorialAssets/icon_tab_Levels_40x.uasset" 301
"../../../Engine/Content/Tutorial/BlueprintTutorials/TutorialAssets/BlueprintInterface_64x.uasset" 302
"../../../Engine/Content/Tutorial/BlueprintTutorials/TutorialAssets/BlueprintMacroLibrary_64x.uasset" 303
"../../../Engine/Content/Tutorial/BlueprintTutorials/TutorialAssets/Blueprint_64x.uasset" 304
"../../../Engine/Content/Tutorial/BlueprintTutorials/TutorialAssets/Tutorial_BP_Interface.uasset" 305
"../../../Engine/Content/Tutorial/Foliage/TutorialAssets/Foliage.uasset" 306
"../../../Engine/Content/Tutorial/Landscape/TutorialAssets/Landscape.uasset" 307
"../../../Engine/Content/Tutorial/Paper2D/TutorialAssets/Paper2DFlipbook_TutorialIcon.uasset" 308
"../../../Engine/Content/Tutorial/Paper2D/TutorialAssets/Paper2DSprite_TutorialIcon.uasset" 309
"../../../Engine/Content/Tutorial/SubEditors/TutorialAssets/icon_Editor_Preferences_General_40x.uasset" 310
"../../../Engine/Content/Tutorial/SubEditors/TutorialAssets/icon_ShowSkeletalMeshes_40x.uasset" 311
"../../../Engine/Content/Tutorial/SubEditors/TutorialAssets/TutorialMaterial.uasset" 312
"../../../Engine/Content/Tutorial/SubEditors/TutorialAssets/T_SmokeSubUV_8X8.uasset" 313
"../../../Engine/Content/Tutorial/SubEditors/TutorialAssets/T_soft_smoke.uasset" 314
"../../../Engine/Content/Tutorial/SubEditors/TutorialAssets/M_smoke_subUV_blackbody.uasset" 315
"../../../Engine/Content/Tutorial/SubEditors/TutorialAssets/TutorialParticleSystem.uasset" 316
"../../../Engine/Content/VREditor/Devices/Generic/GenericHMDMaterial.uasset" 317
"../../../Engine/Content/VREditor/Devices/Generic/GenericHMD.uasset" 318
"../../../Engine/Content/Functions/Engine_MaterialFunctions02/Utility/BreakOutFloat3Components.uasset" 319
"../../../Engine/Content/VREditor/Devices/Vive/VivePreController_MasksB.uasset" 320
"../../../Engine/Content/VREditor/Devices/Oculus/OculusControllerMaterial.uasset" 321
"../../../Engine/Content/VREditor/Devices/Oculus/OculusControllerMaterial_Inst.uasset" 322
"../../../Engine/Content/VREditor/Devices/Oculus/OculusControllerMesh.uasset" 323
"../../../Engine/Content/VREditor/Devices/Vive/T_VivePreController_EM.uasset" 324
"../../../Engine/Content/VREditor/Devices/Vive/VivePreController_MasksA.uasset" 325
"../../../Engine/Content/VREditor/Devices/Vive/VivePreControllerDiffuse.uasset" 326
"../../../Engine/Content/VREditor/Devices/Vive/VivePreControllerSpec.uasset" 327
"../../../Engine/Content/VREditor/LaserPointer/VR_LaserPower_01.uasset" 328
"../../../Engine/Content/VREditor/Devices/Vive/VivePreControllerMaterial.uasset" 329
"../../../Engine/Content/VREditor/Devices/Vive/VivePreControllerMaterial_Inst.uasset" 330
"../../../Engine/Content/VREditor/Devices/Vive/VivePreControllerMesh.uasset" 331
"../../../Engine/Content/VREditor/FloatingText/LineMaterial.uasset" 332
"../../../Engine/Content/VREditor/FloatingText/JointSphere.uasset" 333
"../../../Engine/Content/VREditor/FloatingText/LineSegmentCylinder.uasset" 334
"../../../Engine/Content/VREditor/Fonts/VRText_RobotoLarge.uasset" 335
"../../../Engine/Content/VREditor/Fonts/VRTextMaterial.uasset" 336
"../../../Engine/Content/VREditor/Fonts/TranslucentVRTextMaterial.uasset" 337
"../../../Engine/Content/VREditor/LaserPointer/CursorPointer.uasset" 338
"../../../Engine/Content/VREditor/TransformGizmo/TransformGizmoMaterial.uasset" 339
"../../../Engine/Content/VREditor/LaserPointer/HoverMaterial.uasset" 340
"../../../Engine/Content/VREditor/TransformGizmo/TranslucentTransformGizmoMaterial.uasset" 341
"../../../Engine/Content/VREditor/LaserPointer/TranslucentHoverMaterial.uasset" 342
"../../../Engine/Content/VREditor/LaserPointer/HoverMesh.uasset" 343
"../../../Engine/Content/VREditor/LaserPointer/LaserPointerMaterial.uasset" 344
"../../../Engine/Content/VREditor/LaserPointer/LaserPointerMaterialInst.uasset" 345
"../../../Engine/Content/VREditor/LaserPointer/TranslucentLaserPointerMaterialInst.uasset" 346
"../../../Engine/Content/VREditor/LaserPointer/LaserPointerMesh.uasset" 347
"../../../Engine/Content/VREditor/LaserPointer/LaserPointerMesh_End.uasset" 348
"../../../Engine/Content/VREditor/LaserPointer/LaserPointerMesh_Start.uasset" 349
"../../../Engine/Content/VREditor/Sounds/VR_teleport.uasset" 350
"../../../Engine/Content/VREditor/Sounds/UI/Click_on_Button.uasset" 351
"../../../Engine/Content/VREditor/Sounds/UI/Click_on_Button_Cue.uasset" 352
"../../../Engine/Content/VREditor/Sounds/UI/Dockable_Window_Close.uasset" 353
"../../../Engine/Content/VREditor/Sounds/UI/Dockable_Window_Drop.uasset" 354
"../../../Engine/Content/VREditor/Sounds/UI/Dockable_Window_Open.uasset" 355
"../../../Engine/Content/VREditor/Sounds/UI/Dockable_Window_Pick_Up.uasset" 356
"../../../Engine/Content/VREditor/Sounds/UI/Drop_Item_From_ContentBrowser.uasset" 357
"../../../Engine/Content/VREditor/Sounds/UI/Floating_UI_Open-001.uasset" 358
"../../../Engine/Content/VREditor/Sounds/UI/Radial_Menu_FadeOut.uasset" 359
"../../../Engine/Content/VREditor/Sounds/UI/Teleport_Mode_Entered.uasset" 360
"../../../Engine/Content/VREditor/Teleport/TeleportDirectionMaterial.uasset" 361
"../../../Engine/Content/VREditor/Teleport/TeleportDirectionMaterial_Inst.uasset" 362
"../../../Engine/Content/VREditor/Teleport/TeleportDirectionMesh.uasset" 363
"../../../Engine/Content/VREditor/TransformGizmo/BoundingBoxCorner.uasset" 364
"../../../Engine/Content/VREditor/TransformGizmo/BoundingBoxEdge.uasset" 365
"../../../Engine/Content/VREditor/TransformGizmo/PlaneTranslationHandle.uasset" 366
"../../../Engine/Content/VREditor/TransformGizmo/Main.uasset" 367
"../../../Engine/Content/VREditor/TransformGizmo/Xray.uasset" 368
"../../../Engine/Content/VREditor/TransformGizmo/SM_Dialog_Close.uasset" 369
"../../../Engine/Content/VREditor/TransformGizmo/SM_Dialog_Move.uasset" 370
"../../../Engine/Content/VREditor/TransformGizmo/SM_Sequencer_Key.uasset" 371
"../../../Engine/Content/VREditor/TransformGizmo/SM_Sequencer_Node.uasset" 372
"../../../Engine/Content/VREditor/TransformGizmo/TransformGizmoMaterial_Inst.uasset" 373
"../../../Engine/Content/VREditor/TransformGizmo/TranslucentTransformGizmoMaterial_Inst.uasset" 374
"../../../Engine/Content/VREditor/Devices/Vive/UE4_Logo.uasset" 375
"../../../Engine/Content/VREditor/UI/M_ContentWindow.uasset" 376
"../../../Engine/Content/VREditor/UI/SM_ContentWindow_01.uasset" 377
"../../../Engine/Content/VREditor/UI/KeyDiskMaterial.uasset" 378
"../../../Engine/Content/VREditor/UI/DiscMaterial.uasset" 379
"../../../Engine/Content/VREditor/UI/SM_Radial_Disk.uasset" 380
"../../../Engine/Content/VREditor/UI/ArrowMaterial.uasset" 381
"../../../Engine/Content/VREditor/UI/SM_Radial_Pointer.uasset" 382
"../../../Engine/Content/Functions/Engine_MaterialFunctions01/Gradient/RadialGradient.uasset" 383
"../../../Engine/Content/VREditor/WorldMovementGrid/SimpleGrid.uasset" 384
"../../../Engine/Content/VREditor/WorldMovementGrid/GridMaterial.uasset" 385
"../../../Engine/Content/Functions/Engine_MaterialFunctions01/Density/ExponentialDensity.uasset" 386
"../../../Engine/Content/VREditor/WorldMovementGrid/GridPostProcess.uasset" 387
"../../../Engine/Content/EditorLandscapeResources/FlattenHeightMat.uasset" 388
"../../../Engine/Content/VREditor/WorldMovementGrid/PlaneMesh.uasset" 389
"../../../Engine/Content/Functions/Engine_MaterialFunctions03/Procedurals/GeneratedBand.uasset" 390
"../../../Engine/Content/Functions/Engine_MaterialFunctions03/Procedurals/GeneratedOffsetBands.uasset" 391
"../../../../../Go_Game2/Content/01_BluePrints/Title/Metal_Gold_2k_s_Mat_2.uasset" 392
"../../../../../Go_Game2/Content/03_Mesh+Materials/4ChannelGrunge.uasset" 393
"../../../../../Go_Game2/Content/06_Textures/Metal_sciFiCurveyWall_2k_ao.uasset" 394
"../../../../../Go_Game2/Content/06_Textures/Metal_sciFiCurveyWall_2k_g.uasset" 395
"../../../../../Go_Game2/Content/06_Textures/Metal_sciFiCurveyWall_2k_mask.uasset" 396
"../../../../../Go_Game2/Content/06_Textures/Metal_sciFiCurveyWall_2k_n.uasset" 397
"../../../../../Go_Game2/Content/06_Textures/Metal_sciFiCurveyWall_2k_s.uasset" 398
"../../../../../Go_Game2/Content/03_Mesh+Materials/Metal_sciFiCurveyWall.uasset" 399
"../../../Engine/Content/BasicShapes/Sphere.uasset" 400
"../../../../../Go_Game2/Content/01_BluePrints/UsingStuff/BP_Bigball_physics.uasset" 401
"../../../../../Go_Game2/Content/01_BluePrints/UsingStuff/BP_BigBall.uasset" 402
"../../../../../Go_Game2/Content/06_Textures/Tile_WoodAndTileOffsetPattern_2k_alb.uasset" 403
"../../../../../Go_Game2/Content/06_Textures/Tile_WoodAndTileOffsetPattern_2k_mask.uasset" 404
"../../../../../Go_Game2/Content/06_Textures/Tile_WoodAndTileOffsetPattern_2k_n.uasset" 405
"../../../../../Go_Game2/Content/06_Textures/Tile_WoodAndTileOffsetPattern_2k_s.uasset" 406
"../../../../../Go_Game2/Content/03_Mesh+Materials/Tile_WoodAndTileOffsetPattern.uasset" 407
"../../../../../Go_Game2/Content/01_BluePrints/UsingStuff/BP_boxPhysicsSetup.uasset" 408
"../../../../../Go_Game2/Content/03_Mesh+Materials/CubeMaterial.uasset" 409
"../../../../../Go_Game2/Content/03_Mesh+Materials/03_1M_Cube_Chamfer.uasset" 410
"../../../../../Go_Game2/Content/01_BluePrints/UsingStuff/BP_PhysicsBox_1.uasset" 411
"../../../../../Go_Game2/Content/06_Textures/Tile_ColoredTiles_2k_alb1.uasset" 412
"../../../../../Go_Game2/Content/06_Textures/Tile_ColoredTiles_2k_g.uasset" 413
"../../../../../Go_Game2/Content/06_Textures/Tile_ColoredTiles_2k_mask.uasset" 414
"../../../../../Go_Game2/Content/06_Textures/Tile_ColoredTiles_2k_n.uasset" 415
"../../../../../Go_Game2/Content/06_Textures/Tile_Coloredtiles.uasset" 416
"../../../../../Go_Game2/Content/03_Mesh+Materials/03_1M_Cube.uasset" 417
"../../../../../Go_Game2/Content/01_BluePrints/UsingStuff/BP_Physics_slidebox.uasset" 418
"../../../../../Go_Game2/Content/08_sk/UE4_Mannequin_Skeleton.uasset" 419
"../../../../../Go_Game2/Content/07_aim/ThirdPerson_Jump.uasset" 420
"../../../../../Go_Game2/Content/07_aim/ThirdPersonJump_Loop.uasset" 421
"../../../../../Go_Game2/Content/07_aim/ThirdPersonJump_Start.uasset" 422
"../../../../../Go_Game2/Content/07_aim/ThirdPersonIdle.uasset" 423
"../../../../../Go_Game2/Content/07_aim/ThirdPersonRun.uasset" 424
"../../../../../Go_Game2/Content/07_aim/ThirdPersonWalk.uasset" 425
"../../../../../Go_Game2/Content/07_aim/ThirdPerson_IdleRun_2D.uasset" 426
"../../../../../Go_Game2/Content/07_aim/ThirdPerson_AnimBP.uasset" 427
"../../../../../Go_Game2/Content/01_BluePrints/Title/TimeToText_macro.uasset" 428
"../../../../../Go_Game2/Content/01_BluePrints/Ingame/BP_IngameGS.uasset" 429
"../../../../../Go_Game2/Content/01_BluePrints/UsingStuff/Bp_GI.uasset" 430
"../../../../../Go_Game2/Content/01_BluePrints/Title/Metal_Gold_2k_s_Mat.uasset" 431
"../../../../../Go_Game2/Content/01_BluePrints/Title/tab_menu.uasset" 432
"../../../../../Go_Game2/Content/01_BluePrints/Ingame/UMG_IngameWidget.uasset" 433
"../../../../../Go_Game2/Content/01_BluePrints/Ingame/BP_IngamePC.uasset" 434
"../../../../../Go_Game2/Content/01_BluePrints/Ingame/BP_IngamePS.uasset" 435
"../../../../../Go_Game2/Content/01_BluePrints/Ingame/BP_IngameGM.uasset" 436
"../../../../../Go_Game2/Content/01_BluePrints/Lobby/BP_LobbyController.uasset" 437
"../../../../../Go_Game2/Content/01_BluePrints/Title/batmfa__.uasset" 438
"../../../../../Go_Game2/Content/01_BluePrints/Title/batmfa___Font.uasset" 439
"../../../../../Go_Game2/Content/01_BluePrints/Title/INPUT.uasset" 440
"../../../../../Go_Game2/Content/01_BluePrints/Lobby/BP_Lobbywidget.uasset" 441
"../../../../../Go_Game2/Content/01_BluePrints/Lobby/Enum_Lobby_Movetolist.uasset" 442
"../../../../../Go_Game2/Content/01_BluePrints/Lobby/Enum_Select_Stage.uasset" 443
"../../../../../Go_Game2/Content/01_BluePrints/UsingStuff/BP_Next_L.uasset" 444
"../../../../../Go_Game2/Content/03_Mesh+Materials/M_TrapBullete.uasset" 445
"../../../../../Go_Game2/Content/03_Mesh+Materials/SM_Scroll.uasset" 446
"../../../Engine/Content/EngineResources/Black.uasset" 447
"../../../../../Go_Game2/Content/03_Mesh+Materials/eff_T+M/M_Add_Sprite_Master_DepthFade.uasset" 448
"../../../../../Go_Game2/Content/03_Mesh+Materials/eff_T+M/T_SoftFallOff.uasset" 449
"../../../../../Go_Game2/Content/03_Mesh+Materials/eff_T+M/M_Flare_03_INST.uasset" 450
"../../../../../Go_Game2/Content/03_Mesh+Materials/eff_T+M/M_Add_Sprite_Master.uasset" 451
"../../../../../Go_Game2/Content/03_Mesh+Materials/eff_T+M/T_LightCone.uasset" 452
"../../../../../Go_Game2/Content/03_Mesh+Materials/eff_T+M/M_Flare_Vertical_02_Inst.uasset" 453
"../../../../../Go_Game2/Content/04_eff/04_eff_Beam_Laser_FireAttack.uasset" 454
"../../../../../Go_Game2/Content/03_Mesh+Materials/eff_T+M/M_Add_Sprite_SubUV_Master.uasset" 455
"../../../../../Go_Game2/Content/03_Mesh+Materials/eff_T+M/T_fireStreak_12X3.uasset" 456
"../../../../../Go_Game2/Content/03_Mesh+Materials/eff_T+M/M_Fire_03_Add_12X3_INST.uasset" 457
"../../../../../Go_Game2/Content/03_Mesh+Materials/eff_T+M/T_Fire_Shock_01.uasset" 458
"../../../../../Go_Game2/Content/03_Mesh+Materials/eff_T+M/M_Fire_Shock_01_5x5_SubUV_INST.uasset" 459
"../../../../../Go_Game2/Content/03_Mesh+Materials/eff_T+M/T_starFlare_01.uasset" 460
"../../../../../Go_Game2/Content/03_Mesh+Materials/eff_T+M/M_Flare_01_INST.uasset" 461
"../../../../../Go_Game2/Content/03_Mesh+Materials/eff_T+M/M_Flash_Impact_01_1X2_INST.uasset" 462
"../../../../../Go_Game2/Content/04_eff/04eff_Impact_Player_Fire_Strong.uasset" 463
"../../../../../Go_Game2/Content/01_BluePrints/UsingStuff/BP_Trap_Bullet.uasset" 464
"../../../../../Go_Game2/Content/03_Mesh+Materials/eff_T+M/T_Black_32.uasset" 465
"../../../../../Go_Game2/Content/03_Mesh+Materials/eff_T+M/M_Add_Trail_2Sided_Pan_Master.uasset" 466
"../../../../../Go_Game2/Content/03_Mesh+Materials/eff_T+M/T_SwipeTrail.uasset" 467
"../../../../../Go_Game2/Content/03_Mesh+Materials/eff_T+M/M_ElementalBeam_01_INST.uasset" 468
"../../../../../Go_Game2/Content/04_eff/04_P_Beam_Laser_Ice.uasset" 469
"../../../../../Go_Game2/Content/01_BluePrints/UsingStuff/BP_Trap_Bullet_2.uasset" 470
"../../../Engine/Content/Functions/Engine_MaterialFunctions02/Utility/BlendAngleCorrectedNormals.uasset" 471
"../../../Engine/Content/Functions/MaterialLayerFunctions/MatLayerBlend_NormalBlend.uasset" 472
"../../../Engine/Content/Functions/MaterialLayerFunctions/MatLayerBlend_Simple.uasset" 473
"../../../../../Go_Game2/Content/03_Mesh+Materials/T_ML_Rubber_Blue_01_D.uasset" 474
"../../../../../Go_Game2/Content/03_Mesh+Materials/T_ML_Rubber_Blue_01_N.uasset" 475
"../../../../../Go_Game2/Content/03_Mesh+Materials/ML_GlossyBlack_Latex_UE4.uasset" 476
"../../../../../Go_Game2/Content/03_Mesh+Materials/ML_Plastic_Shiny_Beige.uasset" 477
"../../../../../Go_Game2/Content/06_Textures/UE4_LOGO_CARD.uasset" 478
"../../../../../Go_Game2/Content/03_Mesh+Materials/ML_Plastic_Shiny_Beige_LOGO.uasset" 479
"../../../../../Go_Game2/Content/03_Mesh+Materials/T_ML_Aluminum01.uasset" 480
"../../../../../Go_Game2/Content/03_Mesh+Materials/T_ML_Aluminum01_N.uasset" 481
"../../../../../Go_Game2/Content/03_Mesh+Materials/ML_SoftMetal_UE4.uasset" 482
"../../../../../Go_Game2/Content/06_Textures/UE4_Mannequin__normals.uasset" 483
"../../../../../Go_Game2/Content/06_Textures/UE4_Mannequin_MAT_MASKA.uasset" 484
"../../../../../Go_Game2/Content/06_Textures/M_UE4Man_Body.uasset" 485
"../../../../../Go_Game2/Content/06_Textures/UE4Man_Logo_N.uasset" 486
"../../../../../Go_Game2/Content/06_Textures/M_UE4Man_ChestLogo.uasset" 487
"../../../../../Go_Game2/Content/08_sk/SK_Mannequin_PhysicsAsset.uasset" 488
"../../../../../Go_Game2/Content/08_sk/SK_Mannequin.uasset" 489
"../../../../../Go_Game2/Content/01_BluePrints/Character/BP_Charater.uasset" 490
"../../../../../Go_Game2/Content/01_BluePrints/UsingStuff/BPI_Item.uasset" 491
"../../../../../Go_Game2/Content/06_Textures/Concrete_FlatSurface_2k_alb.uasset" 492
"../../../../../Go_Game2/Content/06_Textures/Concrete_FlatSurface_2k_n.uasset" 493
"../../../../../Go_Game2/Content/06_Textures/Concrete_Square_2k_ao.uasset" 494
"../../../../../Go_Game2/Content/06_Textures/Concrete_Square_2k_h.uasset" 495
"../../../../../Go_Game2/Content/06_Textures/T_MacroVariation2.uasset" 496
"../../../../../Go_Game2/Content/06_Textures/wood_JFfantasyWoodPlanksNailedClean_2k_mask.uasset" 497
"../../../../../Go_Game2/Content/03_Mesh+Materials/MasterMaterial.uasset" 498
"../../../Engine/Content/BasicShapes/Cube.uasset" 499
"../../../../../Go_Game2/Content/03_Mesh+Materials/eff_T+M/T_IceChunks.uasset" 500
"../../../../../Go_Game2/Content/03_Mesh+Materials/eff_T+M/M_IceChunksBase.uasset" 501
"../../../../../Go_Game2/Content/03_Mesh+Materials/eff_T+M/M_Add_Sprite_2Sided_Master.uasset" 502
"../../../../../Go_Game2/Content/03_Mesh+Materials/eff_T+M/T_BlastWave.uasset" 503
"../../../../../Go_Game2/Content/03_Mesh+Materials/eff_T+M/M_Shockwave_01_Add_2Side_INST.uasset" 504
"../../../../../Go_Game2/Content/03_Mesh+Materials/eff_T+M/M_Trans_Sprite_SubUV_Master_DepthFade.uasset" 505
"../../../../../Go_Game2/Content/03_Mesh+Materials/eff_T+M/T_Smoke_subUV_01.uasset" 506
"../../../../../Go_Game2/Content/03_Mesh+Materials/eff_T+M/M_Smoke_02_Trans_6X6_INST.uasset" 507
"../../../../../Go_Game2/Content/03_Mesh+Materials/eff_T+M/M_Trans_Sprite_SubUV_Master.uasset" 508
"../../../../../Go_Game2/Content/03_Mesh+Materials/eff_T+M/T_Wood_Fragments_01.uasset" 509
"../../../../../Go_Game2/Content/03_Mesh+Materials/eff_T+M/M_wood_subUV_INST.uasset" 510
"../../../../../Go_Game2/Content/04_eff/04eff_BarrelBreak_Wood.uasset" 511
"../../../../../Go_Game2/Content/01_BluePrints/UsingStuff/BP_PushNonSwitch.uasset" 512
"../../../../../Go_Game2/Content/06_Textures/Metal_BrushedCopper_2k_g.uasset" 513
"../../../../../Go_Game2/Content/06_Textures/Metal_BrushedCopper_2k_n.uasset" 514
"../../../../../Go_Game2/Content/06_Textures/Metal_BrushedCopper_2k_s.uasset" 515
"../../../../../Go_Game2/Content/03_Mesh+Materials/Metal_BrushedCopper.uasset" 516
"../../../../../Go_Game2/Content/03_Mesh+Materials/SM_Box01.uasset" 517
"../../../../../Go_Game2/Content/01_BluePrints/UsingStuff/BP_On_ArrowBox_2.uasset" 518
"../../../../../Go_Game2/Content/06_Textures/Metal_CyberCube_2k_ao.uasset" 519
"../../../../../Go_Game2/Content/06_Textures/Metal_CyberCube_2k_g.uasset" 520
"../../../../../Go_Game2/Content/06_Textures/Metal_CyberCube_2k_n.uasset" 521
"../../../../../Go_Game2/Content/06_Textures/Metal_CyberCube_2k_s.uasset" 522
"../../../../../Go_Game2/Content/06_Textures/Metal_CyberCube_2k_t.uasset" 523
"../../../../../Go_Game2/Content/03_Mesh+Materials/M_Switch2.uasset" 524
"../../../../../Go_Game2/Content/01_BluePrints/UsingStuff/BP_PushSwitch.uasset" 525
"../../../../../Go_Game2/Content/06_Textures/Rock_HoleyWall_2k_alb2.uasset" 526
"../../../../../Go_Game2/Content/06_Textures/Rock_HoleyWall_2k_ao.uasset" 527
"../../../../../Go_Game2/Content/06_Textures/Rock_HoleyWall_2k_g.uasset" 528
"../../../../../Go_Game2/Content/06_Textures/Rock_HoleyWall_2k_h.uasset" 529
"../../../../../Go_Game2/Content/06_Textures/Rock_HoleyWall_2k_n.uasset" 530
"../../../../../Go_Game2/Content/03_Mesh+Materials/Rock_HoleyWall.uasset" 531
"../../../../../Go_Game2/Content/01_BluePrints/UsingStuff/BP_PushSwitch_fix.uasset" 532
"../../../../../Go_Game2/Content/06_Textures/Metal_LeadRough_2k_alb.uasset" 533
"../../../../../Go_Game2/Content/06_Textures/Metal_LeadRough_2k_g.uasset" 534
"../../../../../Go_Game2/Content/06_Textures/Metal_LeadRough_2k_n.uasset" 535
"../../../../../Go_Game2/Content/06_Textures/Metal_LeadRough_2k_s.uasset" 536
"../../../../../Go_Game2/Content/03_Mesh+Materials/Metal_LeadRough.uasset" 537
"../../../../../Go_Game2/Content/01_BluePrints/UsingStuff/BP_RandomCube.uasset" 538
"../../../../../Go_Game2/Content/01_BluePrints/UsingStuff/BP_slde.uasset" 539
"../../../../../Go_Game2/Content/06_Textures/Metal_BrushedSteel_2k_g.uasset" 540
"../../../../../Go_Game2/Content/06_Textures/Metal_BrushedSteel_2k_n.uasset" 541
"../../../../../Go_Game2/Content/06_Textures/Metal_BrushedSteel_2k_s.uasset" 542
"../../../../../Go_Game2/Content/03_Mesh+Materials/Metal_BrushedSteel.uasset" 543
"../../../../../Go_Game2/Content/01_BluePrints/UsingStuff/BP_Off_ArrowBox.uasset" 544
"../../../../../Go_Game2/Content/06_Textures/Metal_ReinforcedGridWall_2k_ao.uasset" 545
"../../../../../Go_Game2/Content/06_Textures/Metal_ReinforcedGridWall_2k_g.uasset" 546
"../../../../../Go_Game2/Content/06_Textures/Metal_ReinforcedGridWall_2k_mask.uasset" 547
"../../../../../Go_Game2/Content/06_Textures/Metal_ReinforcedGridWall_2k_n.uasset" 548
"../../../../../Go_Game2/Content/06_Textures/Metal_ReinforcedGridWall_2k_s.uasset" 549
"../../../../../Go_Game2/Content/03_Mesh+Materials/Metal_ReinforcedGridWall.uasset" 550
"../../../../../Go_Game2/Content/03_Mesh+Materials/Door_Mesh.uasset" 551
"../../../../../Go_Game2/Content/01_BluePrints/UsingStuff/Door.uasset" 552
"../../../../../Go_Game2/Content/03_Mesh+Materials/M_PushSwitch2.uasset" 553
"../../../../../Go_Game2/Content/01_BluePrints/UsingStuff/BP_Switch.uasset" 554
"../../../../../Go_Game2/Content/02_Map/SingleMaps/GameMap_1_BuiltData.uasset" 555
"../../../../../Go_Game2/Content/02_Map/SingleMaps/GameMap_2_BuiltData.uasset" 556
"../../../../../Go_Game2/Content/02_Map/SingleMaps/GameMap_3_BuiltData.uasset" 557
"../../../../../Go_Game2/Content/02_Map/SingleMaps/GameMap_4_BuiltData.uasset" 558
"../../../../../Go_Game2/Content/02_Map/SingleMaps/GameMap_5_BuiltData.uasset" 559
"../../../../../Go_Game2/Content/02_Map/SingleMaps/GameMap_6_BuiltData.uasset" 560
"../../../../../Go_Game2/Content/02_Map/SingleMaps/GameMap_7_BuiltData.uasset" 561
"../../../../../Go_Game2/Content/02_Map/SingleMaps/GameMap_8_BuiltData.uasset" 562
"../../../../../Go_Game2/Content/03_Mesh+Materials/Meshes/CubeMaterial.uasset" 563
"../../../../../Go_Game2/Content/03_Mesh+Materials/Meshes/1M_Cube.uasset" 564
"../../Plugins/2D/Paper2D/Content/PlaceholderTextures/DummySpriteTexture.uasset" 565
"../../Plugins/2D/Paper2D/Content/DummySprite.uasset" 566
"../../Plugins/2D/Paper2D/Content/DefaultPaperTerrainMaterial.uasset" 567
"../../Plugins/2D/Paper2D/Content/DefaultSpriteMaterial.uasset" 568
"../../Plugins/2D/Paper2D/Content/MaskedUnlitSpriteMaterial.uasset" 569
"../../Plugins/2D/Paper2D/Content/OpaqueUnlitSpriteMaterial.uasset" 570
"../../Plugins/Media/MediaCompositing/Content/DefaultMediaPlaneTexture.uasset" 571
"../../Plugins/Media/MediaCompositing/Content/DefaultMediaPlaneMaterial.uasset" 572
"../../../Engine/Content/Functions/Engine_MaterialFunctions02/Utility/MakeFloat4.uasset" 573
"../../Plugins/Runtime/AppleARKit/Content/ARKitCameraMaterial.uasset" 574
"../../Plugins/Runtime/Oculus/OculusVR/Content/Textures/GearVRController_AO.uasset" 575
"../../Plugins/Runtime/Oculus/OculusVR/Content/Textures/GearVRController_Color.uasset" 576
"../../Plugins/Runtime/Oculus/OculusVR/Content/Textures/GearVRController_Normal.uasset" 577
"../../Plugins/Runtime/Oculus/OculusVR/Content/Materials/GearVRControllerMaterial.uasset" 578
"../../Plugins/Runtime/Oculus/OculusVR/Content/Meshes/GearVrController.uasset" 579
"../../../Engine/Content/Maps/Entry.umap" 580
"../../../../../Go_Game2/Content/01_BluePrints/Lobby/BP_LobbyState.uasset" 581
"../../../../../Go_Game2/Content/01_BluePrints/Lobby/BP_LobbyGamemode.uasset" 582
"../../../../../Go_Game2/Content/02_Map/LobbyMap/Lobby_BuiltData.uasset" 583
"../../../../../Go_Game2/Content/06_Textures/Metal_Gold_2k_g.uasset" 584
"../../../../../Go_Game2/Content/06_Textures/Metal_Gold_2k_s.uasset" 585
"../../../../../Go_Game2/Content/03_Mesh+Materials/Metal_Gold.uasset" 586
"../../../../../Go_Game2/Content/03_Mesh+Materials/TemplateFloor.uasset" 587
"../../../../../Go_Game2/Content/02_Map/LobbyMap/Lobby.umap" 588
"../../../../../Go_Game2/Content/07_aim/ThirdPerson_title.uasset" 589
"../../../../../Go_Game2/Content/01_BluePrints/Character/BP_Title_bot.uasset" 590
"../../../../../Go_Game2/Content/01_BluePrints/Title/D3Euronism_b.uasset" 591
"../../../../../Go_Game2/Content/01_BluePrints/Title/D3Euronism_b_Font.uasset" 592
"../../../../../Go_Game2/Content/01_BluePrints/Title/UMG_title.uasset" 593
"../../../../../Go_Game2/Content/01_BluePrints/Title/pc_UI.uasset" 594
"../../../../../Go_Game2/Content/01_BluePrints/Title/GM_UI.uasset" 595
"../../../../../Go_Game2/Content/02_Map/TitleMap/TItle_UI_BuiltData.uasset" 596
"../../../../../Go_Game2/Content/02_Map/TitleMap/TItle_UI.umap" 597
